[PARAM]
t = 1
l = 2
batch_size = 50
data_name = sorted_cifar10.csv'
num_nodes = 6

[AVERAGE]
time_of_rounds = 8.062113801638285
time_of_data = 1.6564087470372517
time_of_comm = 8.011760711669922
time_of_iteration = 0.04093857606252035
time_of_result = 12.830389976501465
overall_time = 9.718623717625936
percentage_comm = 0.8243719424119276
percentage_data = 0.17043655513003841
percentage_leftover = 0.005191502458034014

[NODE0]
time_of_rounds = 6.637012243270874
time_of_data = 1.5520727634429932
time_of_comm = 6.58624005317688
time_of_iteration = 0.04130291938781738
time_of_result = 12.794533491134644
overall_time = 8.189188003540039
average_time_of_a_round = 6.637012243270874
average_time_of_a_data = 1.5520727634429932
average_time_of_a_comm = 3.29312002658844
average_time_of_an_iteration = 0.02065145969390869

[NODE1]
time_of_rounds = 8.202343225479126
time_of_data = 1.5834095478057861
time_of_comm = 8.15239667892456
time_of_iteration = 0.040415048599243164
time_of_result = 12.668044328689575
overall_time = 9.785850524902344
average_time_of_a_round = 8.202343225479126
average_time_of_a_data = 1.5834095478057861
average_time_of_a_comm = 4.07619833946228
average_time_of_an_iteration = 0.020207524299621582

[NODE2]
time_of_rounds = 7.667175531387329
time_of_data = 1.6201114654541016
time_of_comm = 7.617300748825073
time_of_iteration = 0.04026937484741211
time_of_result = 12.719478368759155
overall_time = 9.28738522529602
average_time_of_a_round = 7.667175531387329
average_time_of_a_data = 1.6201114654541016
average_time_of_a_comm = 3.8086503744125366
average_time_of_an_iteration = 0.020134687423706055

[NODE3]
time_of_rounds = 7.454806327819824
time_of_data = 1.6727020740509033
time_of_comm = 7.404209136962891
time_of_iteration = 0.04119515419006348
time_of_result = 12.953012943267822
overall_time = 9.12761116027832
average_time_of_a_round = 7.454806327819824
average_time_of_a_data = 1.6727020740509033
average_time_of_a_comm = 3.7021045684814453
average_time_of_an_iteration = 0.02059757709503174

[NODE4]
time_of_rounds = 9.529718399047852
time_of_data = 1.7756612300872803
time_of_comm = 9.479539394378662
time_of_iteration = 0.04101419448852539
time_of_result = 12.885626077651978
overall_time = 11.30548095703125
average_time_of_a_round = 9.529718399047852
average_time_of_a_data = 1.7756612300872803
average_time_of_a_comm = 4.739769697189331
average_time_of_an_iteration = 0.020507097244262695

[NODE5]
time_of_rounds = 8.881627082824707
time_of_data = 1.7344954013824463
time_of_comm = 8.830878257751465
time_of_iteration = 0.04143476486206055
time_of_result = 12.961644649505615
overall_time = 10.616226434707642
average_time_of_a_round = 8.881627082824707
average_time_of_a_data = 1.7344954013824463
average_time_of_a_comm = 4.415439128875732
average_time_of_an_iteration = 0.020717382431030273

