[PARAM]
t = 1
l = 2
batch_size = 100
data_name = sorted_cifar10.csv'
num_nodes = 6

[AVERAGE]
time_of_rounds = 7.759020447731018
time_of_data = 2.202229936917623
time_of_comm = 7.69105327129364
time_of_iteration = 0.05237277348836263
time_of_result = 12.823012034098307
overall_time = 9.961359103520712
percentage_comm = 0.7720887472649529
percentage_data = 0.22107725602817327
percentage_leftover = 0.006833996706873791

[NODE0]
time_of_rounds = 8.32600712776184
time_of_data = 1.623187780380249
time_of_comm = 8.256881952285767
time_of_iteration = 0.05291175842285156
time_of_result = 12.779794216156006
overall_time = 9.949298620223999
average_time_of_a_round = 8.32600712776184
average_time_of_a_data = 1.623187780380249
average_time_of_a_comm = 4.128440976142883
average_time_of_an_iteration = 0.02645587921142578

[NODE1]
time_of_rounds = 10.191372871398926
time_of_data = 1.6903340816497803
time_of_comm = 10.123977422714233
time_of_iteration = 0.05209827423095703
time_of_result = 12.815114498138428
overall_time = 11.881814002990723
average_time_of_a_round = 10.191372871398926
average_time_of_a_data = 1.6903340816497803
average_time_of_a_comm = 5.061988711357117
average_time_of_an_iteration = 0.026049137115478516

[NODE2]
time_of_rounds = 7.358037948608398
time_of_data = 1.758394718170166
time_of_comm = 7.290469408035278
time_of_iteration = 0.05240368843078613
time_of_result = 12.915782928466797
overall_time = 9.116529941558838
average_time_of_a_round = 7.358037948608398
average_time_of_a_data = 1.758394718170166
average_time_of_a_comm = 3.645234704017639
average_time_of_an_iteration = 0.026201844215393066

[NODE3]
time_of_rounds = 7.182884693145752
time_of_data = 1.9103503227233887
time_of_comm = 7.114358901977539
time_of_iteration = 0.05221271514892578
time_of_result = 12.696860074996948
overall_time = 9.093387842178345
average_time_of_a_round = 7.182884693145752
average_time_of_a_data = 1.9103503227233887
average_time_of_a_comm = 3.5571794509887695
average_time_of_an_iteration = 0.02610635757446289

[NODE4]
time_of_rounds = 7.9437782764434814
time_of_data = 2.0665833950042725
time_of_comm = 7.8765857219696045
time_of_iteration = 0.05223965644836426
time_of_result = 12.932170629501343
overall_time = 10.010456800460815
average_time_of_a_round = 7.9437782764434814
average_time_of_a_data = 2.0665833950042725
average_time_of_a_comm = 3.9382928609848022
average_time_of_an_iteration = 0.02611982822418213

[NODE5]
time_of_rounds = 5.55204176902771
time_of_data = 4.164529323577881
time_of_comm = 5.484046220779419
time_of_iteration = 0.052370548248291016
time_of_result = 12.798349857330322
overall_time = 9.716667413711548
average_time_of_a_round = 5.55204176902771
average_time_of_a_data = 4.164529323577881
average_time_of_a_comm = 2.7420231103897095
average_time_of_an_iteration = 0.026185274124145508

