[PARAM]
t = 6
l = 10
batch_size = 600
data_name = sorted_mnist.csv'
num_nodes = 7

[AVERAGE]
time_of_rounds = 145.66494965553284
time_of_data = 7.396993909563337
time_of_comm = 144.19966854367937
time_of_iteration = 1.3468383720942907
time_of_result = 3.653712374823434
overall_time = 153.06245068141394
percentage_comm = 0.9420969539016355
percentage_data = 0.04832663972537283
percentage_leftover = 0.00957640637299162

[NODE0]
time_of_rounds = 145.66910243034363
time_of_data = 6.733521938323975
time_of_comm = 144.2220766544342
time_of_iteration = 1.3304846286773682
time_of_result = 3.6418001651763916
overall_time = 152.4031229019165
average_time_of_a_round = 24.278183738390606
average_time_of_a_data = 1.122253656387329
average_time_of_a_comm = 2.4037012775739033
average_time_of_an_iteration = 0.02217474381128947

[NODE1]
time_of_rounds = 145.59346294403076
time_of_data = 6.915769100189209
time_of_comm = 144.12229228019714
time_of_iteration = 1.3516044616699219
time_of_result = 3.6384427547454834
overall_time = 152.50971627235413
average_time_of_a_round = 24.26557715733846
average_time_of_a_data = 1.1526281833648682
average_time_of_a_comm = 2.402038204669952
average_time_of_an_iteration = 0.02252674102783203

[NODE2]
time_of_rounds = 146.10391759872437
time_of_data = 7.164780855178833
time_of_comm = 144.65889716148376
time_of_iteration = 1.3241615295410156
time_of_result = 3.611767530441284
overall_time = 153.26918387413025
average_time_of_a_round = 24.350652933120728
average_time_of_a_data = 1.1941301425298054
average_time_of_a_comm = 2.4109816193580627
average_time_of_an_iteration = 0.022069358825683595

[NODE3]
time_of_rounds = 146.3005964756012
time_of_data = 7.391897678375244
time_of_comm = 144.84565091133118
time_of_iteration = 1.3382792472839355
time_of_result = 3.645944595336914
overall_time = 153.69299411773682
average_time_of_a_round = 24.383432745933533
average_time_of_a_data = 1.231982946395874
average_time_of_a_comm = 2.4140941818555195
average_time_of_an_iteration = 0.022304654121398926

[NODE4]
time_of_rounds = 145.22739672660828
time_of_data = 7.6997230052948
time_of_comm = 143.74729704856873
time_of_iteration = 1.3626177310943604
time_of_result = 3.7286548614501953
overall_time = 152.92762875556946
average_time_of_a_round = 24.20456612110138
average_time_of_a_data = 1.2832871675491333
average_time_of_a_comm = 2.395788284142812
average_time_of_an_iteration = 0.02271029551823934

[NODE5]
time_of_rounds = 145.6590859889984
time_of_data = 7.838249444961548
time_of_comm = 144.20303916931152
time_of_iteration = 1.33750319480896
time_of_result = 3.6763291358947754
overall_time = 153.49782538414001
average_time_of_a_round = 24.276514331499737
average_time_of_a_data = 1.3063749074935913
average_time_of_a_comm = 2.403383986155192
average_time_of_an_iteration = 0.022291719913482666

[NODE6]
time_of_rounds = 145.10108542442322
time_of_data = 8.035015344619751
time_of_comm = 143.59842658042908
time_of_iteration = 1.3832178115844727
time_of_result = 3.633047580718994
overall_time = 153.1366834640503
average_time_of_a_round = 24.18351423740387
average_time_of_a_data = 1.3391692241032918
average_time_of_a_comm = 2.393307109673818
average_time_of_an_iteration = 0.023053630193074545

