[PARAM]
t = 3
l = 10
batch_size = 500
data_name = sorted_cifar10.csv'
num_nodes = 3

[AVERAGE]
time_of_rounds = 96.45607908566792
time_of_data = 16.382722695668537
time_of_comm = 91.51731443405151
time_of_iteration = 4.519408543904622
time_of_result = 13.278736273447672
overall_time = 112.83907755215962
percentage_comm = 0.8110427382016467
percentage_data = 0.145186606015063
percentage_leftover = 0.04377065578329031

[NODE0]
time_of_rounds = 97.73231601715088
time_of_data = 14.489090204238892
time_of_comm = 92.78990268707275
time_of_iteration = 4.52298641204834
time_of_result = 13.250741004943848
overall_time = 112.22168278694153
average_time_of_a_round = 32.57743867238363
average_time_of_a_data = 4.829696734746297
average_time_of_a_comm = 3.0929967562357583
average_time_of_an_iteration = 0.15076621373494467

[NODE1]
time_of_rounds = 96.40593910217285
time_of_data = 16.37455725669861
time_of_comm = 91.47243022918701
time_of_iteration = 4.514352321624756
time_of_result = 13.232471227645874
overall_time = 112.78077745437622
average_time_of_a_round = 32.13531303405762
average_time_of_a_data = 5.458185752232869
average_time_of_a_comm = 3.049081007639567
average_time_of_an_iteration = 0.15047841072082518

[NODE2]
time_of_rounds = 95.22998213768005
time_of_data = 18.284520626068115
time_of_comm = 90.28961038589478
time_of_iteration = 4.5208868980407715
time_of_result = 13.352996587753296
overall_time = 113.51477241516113
average_time_of_a_round = 31.743327379226685
average_time_of_a_data = 6.094840208689372
average_time_of_a_comm = 3.009653679529826
average_time_of_an_iteration = 0.1506962299346924

