[PARAM]
t = 3
l = 10
batch_size = 500
data_name = sorted_cifar10.csv'
num_nodes = 3

[AVERAGE]
time_of_rounds = 93.96001076698303
time_of_data = 16.442280451456707
time_of_comm = 89.00300558408101
time_of_iteration = 4.537148078282674
time_of_result = 13.31476624806722
overall_time = 110.40257525444031
percentage_comm = 0.806167839644677
percentage_data = 0.14893022570862005
percentage_leftover = 0.044901934646703

[NODE0]
time_of_rounds = 95.15877890586853
time_of_data = 14.535489797592163
time_of_comm = 90.20283579826355
time_of_iteration = 4.535873889923096
time_of_result = 13.319260120391846
overall_time = 109.69455552101135
average_time_of_a_round = 31.719592968622845
average_time_of_a_data = 4.845163265864055
average_time_of_a_comm = 3.0067611932754517
average_time_of_an_iteration = 0.15119579633076985

[NODE1]
time_of_rounds = 94.68610286712646
time_of_data = 16.38051700592041
time_of_comm = 89.74220514297485
time_of_iteration = 4.522961854934692
time_of_result = 13.263617992401123
overall_time = 111.06691145896912
average_time_of_a_round = 31.562034289042156
average_time_of_a_data = 5.460172335306804
average_time_of_a_comm = 2.9914068380991616
average_time_of_an_iteration = 0.15076539516448975

[NODE2]
time_of_rounds = 92.0351505279541
time_of_data = 18.410834550857544
time_of_comm = 87.06397581100464
time_of_iteration = 4.552608489990234
time_of_result = 13.361420631408691
overall_time = 110.44625878334045
average_time_of_a_round = 30.678383509318035
average_time_of_a_data = 6.136944850285848
average_time_of_a_comm = 2.902132527033488
average_time_of_an_iteration = 0.15175361633300782

