[PARAM]
t = 1
l = 10
batch_size = 600
data_name = sorted_mnist.csv'
num_nodes = 5

[AVERAGE]
time_of_rounds = 5.9215692520141605
time_of_data = 0.7609309196472168
time_of_comm = 5.606555843353272
time_of_iteration = 0.2881587028503418
time_of_result = 3.2653997898101808
overall_time = 6.6826012134552
percentage_comm = 0.8389780662153914
percentage_data = 0.11386747395836028
percentage_leftover = 0.04715445982624833

[NODE0]
time_of_rounds = 5.878684043884277
time_of_data = 0.5928449630737305
time_of_comm = 5.567579746246338
time_of_iteration = 0.2854151725769043
time_of_result = 3.265122413635254
overall_time = 6.471630334854126
average_time_of_a_round = 5.878684043884277
average_time_of_a_data = 0.5928449630737305
average_time_of_a_comm = 0.5567579746246338
average_time_of_an_iteration = 0.02854151725769043

[NODE1]
time_of_rounds = 5.981266021728516
time_of_data = 0.6872055530548096
time_of_comm = 5.666102886199951
time_of_iteration = 0.2853827476501465
time_of_result = 3.232924222946167
overall_time = 6.668574571609497
average_time_of_a_round = 5.981266021728516
average_time_of_a_data = 0.6872055530548096
average_time_of_a_comm = 0.5666102886199951
average_time_of_an_iteration = 0.028538274765014648

[NODE2]
time_of_rounds = 6.1029791831970215
time_of_data = 0.7352726459503174
time_of_comm = 5.791114330291748
time_of_iteration = 0.2858254909515381
time_of_result = 3.2533650398254395
overall_time = 6.838345766067505
average_time_of_a_round = 6.1029791831970215
average_time_of_a_data = 0.7352726459503174
average_time_of_a_comm = 0.5791114330291748
average_time_of_an_iteration = 0.028582549095153807

[NODE3]
time_of_rounds = 5.951554775238037
time_of_data = 0.8329787254333496
time_of_comm = 5.638247013092041
time_of_iteration = 0.28667449951171875
time_of_result = 3.2388010025024414
overall_time = 6.784634113311768
average_time_of_a_round = 5.951554775238037
average_time_of_a_data = 0.8329787254333496
average_time_of_a_comm = 0.5638247013092041
average_time_of_an_iteration = 0.028667449951171875

[NODE4]
time_of_rounds = 5.693362236022949
time_of_data = 0.956352710723877
time_of_comm = 5.369735240936279
time_of_iteration = 0.29749560356140137
time_of_result = 3.3367862701416016
overall_time = 6.6498212814331055
average_time_of_a_round = 5.693362236022949
average_time_of_a_data = 0.956352710723877
average_time_of_a_comm = 0.536973524093628
average_time_of_an_iteration = 0.029749560356140136

