[PARAM]
t = 3
l = 10
batch_size = 500
data_name = sorted_cifar10.csv'
num_nodes = 7

[AVERAGE]
time_of_rounds = 116.29748708861214
time_of_data = 15.36132219859532
time_of_comm = 113.9937332357679
time_of_iteration = 2.125243697847639
time_of_result = 13.41887719290597
overall_time = 131.6590930393764
percentage_comm = 0.8658249924422223
percentage_data = 0.11667498114999987
percentage_leftover = 0.017500026407777813

[NODE0]
time_of_rounds = 118.41802787780762
time_of_data = 11.969221830368042
time_of_comm = 116.12062287330627
time_of_iteration = 2.1223716735839844
time_of_result = 13.476004600524902
overall_time = 130.38752055168152
average_time_of_a_round = 39.4726759592692
average_time_of_a_data = 3.9897406101226807
average_time_of_a_comm = 3.8706874291102094
average_time_of_an_iteration = 0.07074572245279948

[NODE1]
time_of_rounds = 118.44962882995605
time_of_data = 12.792895555496216
time_of_comm = 116.14678359031677
time_of_iteration = 2.1220149993896484
time_of_result = 13.331308841705322
overall_time = 131.24279475212097
average_time_of_a_round = 39.48320960998535
average_time_of_a_data = 4.264298518498738
average_time_of_a_comm = 3.8715594530105593
average_time_of_an_iteration = 0.07073383331298828

[NODE2]
time_of_rounds = 117.29639196395874
time_of_data = 13.610903263092041
time_of_comm = 115.00401377677917
time_of_iteration = 2.1117799282073975
time_of_result = 13.296310663223267
overall_time = 130.90756916999817
average_time_of_a_round = 39.09879732131958
average_time_of_a_data = 4.536967754364014
average_time_of_a_comm = 3.833467125892639
average_time_of_an_iteration = 0.07039266427357992

[NODE3]
time_of_rounds = 117.00560879707336
time_of_data = 14.440229177474976
time_of_comm = 114.6857385635376
time_of_iteration = 2.139399766921997
time_of_result = 13.341903924942017
overall_time = 131.44610738754272
average_time_of_a_round = 39.00186959902445
average_time_of_a_data = 4.813409725824992
average_time_of_a_comm = 3.82285795211792
average_time_of_an_iteration = 0.07131332556406657

[NODE4]
time_of_rounds = 117.2457365989685
time_of_data = 15.526654720306396
time_of_comm = 114.91938924789429
time_of_iteration = 2.1445724964141846
time_of_result = 13.599091291427612
overall_time = 132.77266669273376
average_time_of_a_round = 39.081912199656166
average_time_of_a_data = 5.175551573435466
average_time_of_a_comm = 3.830646308263143
average_time_of_an_iteration = 0.07148574988047282

[NODE5]
time_of_rounds = 114.09785056114197
time_of_data = 18.119755029678345
time_of_comm = 111.78022813796997
time_of_iteration = 2.1367907524108887
time_of_result = 13.513816118240356
overall_time = 132.21796417236328
average_time_of_a_round = 38.03261685371399
average_time_of_a_data = 6.039918343226115
average_time_of_a_comm = 3.726007604598999
average_time_of_an_iteration = 0.07122635841369629

[NODE6]
time_of_rounds = 111.56916499137878
time_of_data = 21.06959581375122
time_of_comm = 109.29935646057129
time_of_iteration = 2.099776268005371
time_of_result = 13.37370491027832
overall_time = 132.63902854919434
average_time_of_a_round = 37.18972166379293
average_time_of_a_data = 7.02319860458374
average_time_of_a_comm = 3.643311882019043
average_time_of_an_iteration = 0.0699925422668457

