[PARAM]
t = 6
l = 10
batch_size = 600
data_name = sorted_mnist.csv'
num_nodes = 3

[AVERAGE]
time_of_rounds = 34.37525073687235
time_of_data = 8.107977072397867
time_of_comm = 31.444811423619587
time_of_iteration = 2.6811991532643638
time_of_result = 3.630776882171631
overall_time = 42.48372610410055
percentage_comm = 0.7401613348736971
percentage_data = 0.19084901010166533
percentage_leftover = 0.06898965502463761

[NODE0]
time_of_rounds = 34.74908757209778
time_of_data = 7.630070447921753
time_of_comm = 31.646546363830566
time_of_iteration = 2.837920665740967
time_of_result = 3.6369926929473877
overall_time = 42.379661560058594
average_time_of_a_round = 5.791514595349629
average_time_of_a_data = 1.2716784079869587
average_time_of_a_comm = 0.527442439397176
average_time_of_an_iteration = 0.047298677762349445

[NODE1]
time_of_rounds = 34.51695942878723
time_of_data = 8.060382843017578
time_of_comm = 31.672542095184326
time_of_iteration = 2.602323293685913
time_of_result = 3.598940134048462
overall_time = 42.577844858169556
average_time_of_a_round = 5.752826571464539
average_time_of_a_data = 1.3433971405029297
average_time_of_a_comm = 0.5278757015864054
average_time_of_an_iteration = 0.04337205489476522

[NODE2]
time_of_rounds = 33.859705209732056
time_of_data = 8.633477926254272
time_of_comm = 31.015345811843872
time_of_iteration = 2.603353500366211
time_of_result = 3.656397819519043
overall_time = 42.493671894073486
average_time_of_a_round = 5.643284201622009
average_time_of_a_data = 1.4389129877090454
average_time_of_a_comm = 0.5169224301973979
average_time_of_an_iteration = 0.04338922500610352

