[PARAM]
t = 6
l = 10
batch_size = 500
data_name = sorted_cifar10.csv'
num_nodes = 3

[AVERAGE]
time_of_rounds = 186.2067060470581
time_of_data = 53.35605335235596
time_of_comm = 176.30781491597494
time_of_iteration = 9.059778849283854
time_of_result = 15.031498193740845
overall_time = 239.56329027811685
percentage_comm = 0.7359550568507113
percentage_data = 0.22272215951957067
percentage_leftover = 0.041322783629718085

[NODE0]
time_of_rounds = 182.8344886302948
time_of_data = 56.05853319168091
time_of_comm = 172.92151737213135
time_of_iteration = 9.074389934539795
time_of_result = 15.120204448699951
overall_time = 238.89355492591858
average_time_of_a_round = 30.4724147717158
average_time_of_a_data = 9.343088865280151
average_time_of_a_comm = 2.8820252895355223
average_time_of_an_iteration = 0.15123983224232992

[NODE1]
time_of_rounds = 190.04781126976013
time_of_data = 50.08995246887207
time_of_comm = 180.16345834732056
time_of_iteration = 9.044429063796997
time_of_result = 15.045660734176636
overall_time = 240.1382839679718
average_time_of_a_round = 31.67463521162669
average_time_of_a_data = 8.348325411478678
average_time_of_a_comm = 3.002724305788676
average_time_of_an_iteration = 0.1507404843966166

[NODE2]
time_of_rounds = 185.73781824111938
time_of_data = 53.91967439651489
time_of_comm = 175.8384690284729
time_of_iteration = 9.06051754951477
time_of_result = 14.928629398345947
overall_time = 239.6580319404602
average_time_of_a_round = 30.956303040186565
average_time_of_a_data = 8.98661239941915
average_time_of_a_comm = 2.9306411504745484
average_time_of_an_iteration = 0.15100862582524618

