[PARAM]
t = 3
l = 10
batch_size = 500
data_name = sorted_cifar10.csv'
num_nodes = 5

[AVERAGE]
time_of_rounds = 202.1593743801117
time_of_data = 15.042393207550049
time_of_comm = 199.01474876403807
time_of_iteration = 2.888333225250244
time_of_result = 13.380801486968995
overall_time = 217.2020414352417
percentage_comm = 0.9162655537166021
percentage_data = 0.06925530307243868
percentage_leftover = 0.014479143210959222

[NODE0]
time_of_rounds = 203.03690242767334
time_of_data = 12.683591842651367
time_of_comm = 199.8854582309723
time_of_iteration = 2.8906092643737793
time_of_result = 13.386972665786743
overall_time = 215.72077751159668
average_time_of_a_round = 67.67896747589111
average_time_of_a_data = 4.227863947550456
average_time_of_a_comm = 6.662848607699076
average_time_of_an_iteration = 0.09635364214579265

[NODE1]
time_of_rounds = 205.39013981819153
time_of_data = 13.85672640800476
time_of_comm = 202.24694776535034
time_of_iteration = 2.8867831230163574
time_of_result = 13.286869049072266
overall_time = 219.24714493751526
average_time_of_a_round = 68.46337993939717
average_time_of_a_data = 4.618908802668254
average_time_of_a_comm = 6.741564925511678
average_time_of_an_iteration = 0.09622610410054525

[NODE2]
time_of_rounds = 201.49323964118958
time_of_data = 14.968232870101929
time_of_comm = 198.34857535362244
time_of_iteration = 2.888234853744507
time_of_result = 13.198317050933838
overall_time = 216.46174216270447
average_time_of_a_round = 67.16441321372986
average_time_of_a_data = 4.989410956700643
average_time_of_a_comm = 6.611619178454081
average_time_of_an_iteration = 0.0962744951248169

[NODE3]
time_of_rounds = 200.54733777046204
time_of_data = 16.139681577682495
time_of_comm = 197.3781385421753
time_of_iteration = 2.9126977920532227
time_of_result = 13.503915071487427
overall_time = 216.6872856616974
average_time_of_a_round = 66.84911259015401
average_time_of_a_data = 5.379893859227498
average_time_of_a_comm = 6.5792712847391766
average_time_of_an_iteration = 0.0970899264017741

[NODE4]
time_of_rounds = 200.329252243042
time_of_data = 17.563733339309692
time_of_comm = 197.21462392807007
time_of_iteration = 2.8633410930633545
time_of_result = 13.527933597564697
overall_time = 217.8932569026947
average_time_of_a_round = 66.77641741434734
average_time_of_a_data = 5.8545777797698975
average_time_of_a_comm = 6.573820797602336
average_time_of_an_iteration = 0.09544470310211181

