[PARAM]
t = 1
l = 10
batch_size = 600
data_name = sorted_mnist.csv'
num_nodes = 7

[AVERAGE]
time_of_rounds = 7.840893234525408
time_of_data = 0.620387145451137
time_of_comm = 7.601390021187918
time_of_iteration = 0.22053817340305873
time_of_result = 3.254905870982579
overall_time = 8.461383206503731
percentage_comm = 0.8983625768592077
percentage_data = 0.07331982612184312
percentage_leftover = 0.028317597018949092

[NODE0]
time_of_rounds = 7.194647789001465
time_of_data = 0.5052404403686523
time_of_comm = 6.957482576370239
time_of_iteration = 0.21838688850402832
time_of_result = 3.2433619499206543
overall_time = 7.699987411499023
average_time_of_a_round = 7.194647789001465
average_time_of_a_data = 0.5052404403686523
average_time_of_a_comm = 0.695748257637024
average_time_of_an_iteration = 0.021838688850402833

[NODE1]
time_of_rounds = 7.363229513168335
time_of_data = 0.5409932136535645
time_of_comm = 7.128100395202637
time_of_iteration = 0.2167062759399414
time_of_result = 3.226364850997925
overall_time = 7.904324531555176
average_time_of_a_round = 7.363229513168335
average_time_of_a_data = 0.5409932136535645
average_time_of_a_comm = 0.7128100395202637
average_time_of_an_iteration = 0.02167062759399414

[NODE2]
time_of_rounds = 8.338857173919678
time_of_data = 0.5797669887542725
time_of_comm = 8.102653741836548
time_of_iteration = 0.21741247177124023
time_of_result = 3.2520761489868164
overall_time = 8.918724536895752
average_time_of_a_round = 8.338857173919678
average_time_of_a_data = 0.5797669887542725
average_time_of_a_comm = 0.8102653741836547
average_time_of_an_iteration = 0.021741247177124022

[NODE3]
time_of_rounds = 8.408840417861938
time_of_data = 0.6152067184448242
time_of_comm = 8.153881788253784
time_of_iteration = 0.23473024368286133
time_of_result = 3.2323296070098877
overall_time = 9.024161338806152
average_time_of_a_round = 8.408840417861938
average_time_of_a_data = 0.6152067184448242
average_time_of_a_comm = 0.8153881788253784
average_time_of_an_iteration = 0.023473024368286133

[NODE4]
time_of_rounds = 8.43523621559143
time_of_data = 0.6644027233123779
time_of_comm = 8.197920083999634
time_of_iteration = 0.2185208797454834
time_of_result = 3.281379222869873
overall_time = 9.099746704101562
average_time_of_a_round = 8.43523621559143
average_time_of_a_data = 0.6644027233123779
average_time_of_a_comm = 0.8197920083999634
average_time_of_an_iteration = 0.02185208797454834

[NODE5]
time_of_rounds = 7.6486427783966064
time_of_data = 0.6987781524658203
time_of_comm = 7.409045696258545
time_of_iteration = 0.22069573402404785
time_of_result = 3.287876844406128
overall_time = 8.347521781921387
average_time_of_a_round = 7.6486427783966064
average_time_of_a_data = 0.6987781524658203
average_time_of_a_comm = 0.7409045696258545
average_time_of_an_iteration = 0.022069573402404785

[NODE6]
time_of_rounds = 7.496798753738403
time_of_data = 0.7383217811584473
time_of_comm = 7.260645866394043
time_of_iteration = 0.2173147201538086
time_of_result = 3.2609524726867676
overall_time = 8.23521614074707
average_time_of_a_round = 7.496798753738403
average_time_of_a_data = 0.7383217811584473
average_time_of_a_comm = 0.7260645866394043
average_time_of_an_iteration = 0.021731472015380858

