[PARAM]
t = 1
l = 2
batch_size = 5000
data_name = sorted_cifar10.csv'
num_nodes = 3

[AVERAGE]
time_of_rounds = 70.78988178571065
time_of_data = 30.463098684946697
time_of_comm = 66.67269364992778
time_of_iteration = 2.7692440350850425
time_of_result = 12.883150259653727
overall_time = 101.25307647387187
percentage_comm = 0.6584757320152392
percentage_data = 0.3008609688299953
percentage_leftover = 0.04066329915476541

[NODE0]
time_of_rounds = 185.91171765327454
time_of_data = 21.91632080078125
time_of_comm = 181.69802045822144
time_of_iteration = 2.8636021614074707
time_of_result = 13.108179569244385
overall_time = 207.82813549041748
average_time_of_a_round = 185.91171765327454
average_time_of_a_data = 21.91632080078125
average_time_of_a_comm = 90.84901022911072
average_time_of_an_iteration = 1.4318010807037354

[NODE1]
time_of_rounds = 17.330851316452026
time_of_data = 30.293854236602783
time_of_comm = 13.260624170303345
time_of_iteration = 2.7218499183654785
time_of_result = 12.78297758102417
overall_time = 47.624799489974976
average_time_of_a_round = 17.330851316452026
average_time_of_a_data = 30.293854236602783
average_time_of_a_comm = 6.630312085151672
average_time_of_an_iteration = 1.3609249591827393

[NODE2]
time_of_rounds = 9.127076387405396
time_of_data = 39.179121017456055
time_of_comm = 5.059436321258545
time_of_iteration = 2.7222800254821777
time_of_result = 12.758293628692627
overall_time = 48.306294441223145
average_time_of_a_round = 9.127076387405396
average_time_of_a_data = 39.179121017456055
average_time_of_a_comm = 2.5297181606292725
average_time_of_an_iteration = 1.3611400127410889

