[PARAM]
t = 2
l = 3
batch_size = 500
data_name = sorted_cifar10.csv'
num_nodes = 3

[AVERAGE]
time_of_rounds = 19.088305711746216
time_of_data = 9.272552649180094
time_of_comm = 17.90469225247701
time_of_iteration = 0.9042505423227946
time_of_result = 12.991379658381144
overall_time = 28.36104170481364
percentage_comm = 0.631312927036742
percentage_data = 0.32694682888203963
percentage_leftover = 0.04174024408121835

[NODE0]
time_of_rounds = 19.743797302246094
time_of_data = 7.78523588180542
time_of_comm = 18.559675216674805
time_of_iteration = 0.9049046039581299
time_of_result = 12.949350357055664
overall_time = 27.529218912124634
average_time_of_a_round = 9.871898651123047
average_time_of_a_data = 3.89261794090271
average_time_of_a_comm = 3.0932792027791343
average_time_of_an_iteration = 0.15081743399302164

[NODE1]
time_of_rounds = 19.991219520568848
time_of_data = 9.014328718185425
time_of_comm = 18.80784821510315
time_of_iteration = 0.9037768840789795
time_of_result = 12.959717750549316
overall_time = 29.005730867385864
average_time_of_a_round = 9.995609760284424
average_time_of_a_data = 4.507164359092712
average_time_of_a_comm = 3.1346413691838584
average_time_of_an_iteration = 0.15062948067982992

[NODE2]
time_of_rounds = 17.529900312423706
time_of_data = 11.018093347549438
time_of_comm = 16.346553325653076
time_of_iteration = 0.9040701389312744
time_of_result = 13.065070867538452
overall_time = 28.54817533493042
average_time_of_a_round = 8.764950156211853
average_time_of_a_data = 5.509046673774719
average_time_of_a_comm = 2.7244255542755127
average_time_of_an_iteration = 0.15067835648854574

