[PARAM]
t = 6
l = 10
batch_size = 500
data_name = sorted_cifar10.csv'
num_nodes = 5

[AVERAGE]
time_of_rounds = 204.00439105033874
time_of_data = 51.18829460144043
time_of_comm = 197.70752758979796
time_of_iteration = 5.785442972183228
time_of_result = 15.192577791213989
overall_time = 255.19321537017822
percentage_comm = 0.7747366139926853
percentage_data = 0.20058642439685437
percentage_leftover = 0.02467696161046029

[NODE0]
time_of_rounds = 211.46398186683655
time_of_data = 42.71995782852173
time_of_comm = 205.1587631702423
time_of_iteration = 5.791224956512451
time_of_result = 15.047646760940552
overall_time = 254.18447637557983
average_time_of_a_round = 35.24399697780609
average_time_of_a_data = 7.119992971420288
average_time_of_a_comm = 3.4193127195040387
average_time_of_an_iteration = 0.09652041594187419

[NODE1]
time_of_rounds = 210.48790788650513
time_of_data = 45.01182460784912
time_of_comm = 204.24772357940674
time_of_iteration = 5.73479700088501
time_of_result = 15.052451610565186
overall_time = 255.5002462863922
average_time_of_a_round = 35.08131798108419
average_time_of_a_data = 7.5019707679748535
average_time_of_a_comm = 3.4041287263234454
average_time_of_an_iteration = 0.09557995001475016

[NODE2]
time_of_rounds = 207.77520942687988
time_of_data = 47.278841972351074
time_of_comm = 201.4917221069336
time_of_iteration = 5.770954370498657
time_of_result = 15.212785005569458
overall_time = 255.0545573234558
average_time_of_a_round = 34.629201571146645
average_time_of_a_data = 7.879806995391846
average_time_of_a_comm = 3.3581953684488934
average_time_of_an_iteration = 0.09618257284164429

[NODE3]
time_of_rounds = 192.1937437057495
time_of_data = 63.74346995353699
time_of_comm = 185.92740631103516
time_of_iteration = 5.757890939712524
time_of_result = 15.287683963775635
overall_time = 255.93775820732117
average_time_of_a_round = 32.032290617624916
average_time_of_a_data = 10.62391165892283
average_time_of_a_comm = 3.098790105183919
average_time_of_an_iteration = 0.09596484899520874

[NODE4]
time_of_rounds = 198.10111236572266
time_of_data = 57.18737864494324
time_of_comm = 191.71202278137207
time_of_iteration = 5.872347593307495
time_of_result = 15.362321615219116
overall_time = 255.2890386581421
average_time_of_a_round = 33.016852060953774
average_time_of_a_data = 9.531229774157206
average_time_of_a_comm = 3.1952003796895343
average_time_of_an_iteration = 0.09787245988845825

